#
# A fatal error has been detected by the Java Runtime Environment:
#
#  SIGSEGV (0xb) at pc=0x00007ff89358faea, pid=2644, tid=2646
#
# JRE version: Java(TM) SE Runtime Environment (11.0.1+13) (build 11.0.1+13-LTS)
# Java VM: Java HotSpot(TM) 64-Bit Server VM (11.0.1+13-LTS, mixed mode, tiered, compressed oops, g1 gc, linux-amd64)
# Problematic frame:
# C  [radeonsi_dri.so+0x4a7aea]
#
# Core dump will be written. Default location: Core dumps may be processed with "/usr/share/apport/apport %p %s %c %d %P" (or dumping to /home/mike/git/java-3d/GameEngine3D/core.2644)
#
# If you would like to submit a bug report, please visit:
#   http://bugreport.java.com/bugreport/crash.jsp
# The crash happened outside the Java Virtual Machine in native code.
# See problematic frame for where to report the bug.
#

---------------  S U M M A R Y ------------

Command Line: -agentlib:jdwp=transport=dt_socket,suspend=y,address=localhost:45451 -Djava.library.path=/home/mike/git/java-3d/GameEngine3D/lib/natives -javaagent:/home/mike/eclipse/configuration/org.eclipse.osgi/216/0/.cp/lib/javaagent-shaded.jar -Dfile.encoding=UTF-8 engineTester.MainGameLoop

Host: AMD A8-7410 APU with AMD Radeon R5 Graphics, 4 cores, 6G, Linux Mint 18.3 Sylvia
Time: Sun Feb 17 20:57:06 2019 CST elapsed time: 18 seconds (0d 0h 0m 18s)

---------------  T H R E A D  ---------------

Current thread (0x00007ff918013800):  JavaThread "main" [_thread_in_native, id=2646, stack(0x00007ff91f819000,0x00007ff91f91a000)]

Stack: [0x00007ff91f819000,0x00007ff91f91a000],  sp=0x00007ff91f918110,  free space=1020k
Native frames: (J=compiled Java code, A=aot compiled Java code, j=interpreted, Vv=VM code, C=native code)
C  [radeonsi_dri.so+0x4a7aea]

Java frames: (J=compiled Java code, j=interpreted, Vv=VM code)
J 1425  org.lwjgl.opengl.GL11.nglDrawElementsBO(IIIJJ)V (0 bytes) @ 0x00007ff9083a1b8e [0x00007ff9083a1b40+0x000000000000004e]
J 1448 c2 org.lwjgl.opengl.GL11.glDrawElements(IIIJ)V (35 bytes) @ 0x00007ff9083ab038 [0x00007ff9083aaf00+0x0000000000000138]
J 1566 c2 renderEngine.EntityRenderer.render(Ljava/util/Map;)V (111 bytes) @ 0x00007ff9083d2698 [0x00007ff9083d0b80+0x0000000000001b18]
J 1657 c1 renderEngine.MasterRenderer.render(Ljava/util/List;Lentities/Camera;)V (142 bytes) @ 0x00007ff90113f3d4 [0x00007ff90113dd20+0x00000000000016b4]
J 1532% c2 engineTester.MainGameLoop.main([Ljava/lang/String;)V (1403 bytes) @ 0x00007ff9083c2ab4 [0x00007ff9083c1e40+0x0000000000000c74]
v  ~StubRoutines::call_stub

siginfo: si_signo: 11 (SIGSEGV), si_code: 1 (SEGV_MAPERR), si_addr: 0x0000000000000170

Register to memory mapping:

RAX=0x00007ff9187ff450 points into unknown readable memory
RBX=0x00007ff9187fab90 points into unknown readable memory
RCX=0x00007ff9187ff950 points into unknown readable memory
RDX=