#
# A fatal error has been detected by the Java Runtime Environment:
#
#  SIGSEGV (0xb) at pc=0x00007f951e41eaea, pid=11823, tid=11829
#
# JRE version: Java(TM) SE Runtime Environment (11.0.1+13) (build 11.0.1+13-LTS)
# Java VM: Java HotSpot(TM) 64-Bit Server VM (11.0.1+13-LTS, mixed mode, tiered, compressed oops, g1 gc, linux-amd64)
# Problematic frame:
# C  [radeonsi_dri.so+0x4a7aea]
#
# Core dump will be written. Default location: Core dumps may be processed with "/usr/share/apport/apport %p %s %c %d %P" (or dumping to /home/mike/git/java-3d/GameEngine3D/core.11823)
#
# If you would like to submit a bug report, please visit:
#   http://bugreport.java.com/bugreport/crash.jsp
# The crash happened outside the Java Virtual Machine in native code.
# See problematic frame for where to report the bug.
#

---------------  S U M M A R Y ------------

Command Line: -agentlib:jdwp=transport=dt_socket,suspend=y,address=localhost:37519 -Djava.library.path=/home/mike/git/java-3d/GameEngine3D/lib/natives -javaagent:/home/mike/eclipse/configuration/org.eclipse.osgi/216/0/.cp/lib/javaagent-shaded.jar -Dfile.encoding=UTF-8 engineTester.MainGameLoop

Host: AMD A8-7410 APU with AMD Radeon R5 Graphics, 4 cores, 6G, Linux Mint 18.3 Sylvia
Time: Mon Feb 18 08:34:06 2019 CST elapsed time: 99 seconds (0d 0h 1m 39s)

---------------  T H R E A D  ---------------

Current thread (0x00007f95a4013800):  JavaThread "main" [_thread_in_native, id=11829, stack(0x00007f95aa5d9000,0x00007f95aa6da000)]

Stack: [0x00007f95aa5d9000,0x00007f95aa6da000],  sp=0x00007f95aa6d8100,  free space=1020k
Native frames: (J=compiled Java code, A=aot compiled Java code, j=interpreted, Vv=VM code, C=native code)
C  [radeonsi_dri.so+0x4a7aea]

Java frames: (J=compiled Java code, j=interpreted, Vv=VM code)
J 1395  org.lwjgl.opengl.GL11.nglDrawElementsBO(IIIJJ)V (0 bytes) @ 0x00007f95930d7a0e [0x00007f95930d79c0+0x000000000000004e]
J 1416 c2 org.lwjgl.opengl.GL11.glDrawElements(IIIJ)V (35 bytes) @ 0x00007f95930dc6b8 [0x00007f95930dc580+0x0000000000000138]
J 1546 c2 renderEngine.EntityRenderer.render(Ljava/util/Map;)V (111 bytes) @ 0x00007f9593109f84 [0x00007f9593108400+0x0000000000001b84]
J 1655 c1 renderEngine.MasterRenderer.render(Ljava/util/List;Lentities/Camera;)V (154 bytes) @ 0x00007f958be8179c [0x00007f958be800c0+0x00000000000016dc]
J 1493% c2 engineTester.MainGameLoop.main([Ljava/lang/String;)V (1403 bytes) @ 0x00007f95930f3b1c [0x00007f95930f32c0+0x000000000000085c]
v  ~StubRoutines::call_stub

siginfo: si_signo: 11 (SIGSEGV), si_code: 1 (SEGV_MAPERR), si_addr: 0x00000000000001dc

Register to memory mapping:

RAX=0x00007f95a489bac0 points into unknown readable memory
RBX=0x00007f95a489a280 points into unknown readable memory
RCX=0x00007f95a489bfc0 points into unknown readable memory
RDX=0x00000000000001d4 is an unknown value
RSP=0x00007f95aa6d8100 is pointing into the stack for thread: 0x00007f95a4013800
RBP=0x0000000000000002 is an unknown value
RSI=0x00007f95a489bfc0 points into unknown readable memory
RDI=0x00007f95a489a280 points into unknown readable memory
R8 =0x0000000089214420 is an unknown value
R9 =0x0000000089214410 is an unknown value
R10=0x0000000089214400 is an unknown value
R11=0x00007f95aa6d8120 is pointing into the stack for thread: 0x00007f95a4013800
R12=0x0 is NULL
R13=0x0 is NULL
R14=0x00007f95aa6d81e0 is pointing into the stack for thread: 0x00007f95a4013800
R15=0x0 is NULL


Registers:
RAX=0x00007f95a489bac0, RBX=0x00007f95a489a280, RCX=0x00007f95a489bfc0, RDX=0x00000000000001d4
RSP=0x00007f95aa6d8100, RBP=0x0000000000000002, RSI=0x00007f95a489bfc0, RDI=0x00007f95a489a280
R8 =0x0000000089214420, R9 =0x0000000089214410, R10=0x0000000089214400, R11=0x00007f95aa6d8120
R12=0x0000000000000000, R13=0x0000000000000000, R14=0x00007f95aa6d81e0, R15=0x0000000000000000
RIP=0x00007f951e41eaea, EFLAGS=0x0000000000010206, CSGSFS=0x002b000000000033, ERR=0x0000000000000006
  TRAPNO=0x000000000000000e

Top of Stack: (sp=0x00007f95aa6d8100)
0x00007f95aa6d8100:   0000000000000000 00007f951e42378e
0x00007f95aa6d8110:   00007f95aa6d8120 0000000000000003
0x00007f95aa6d8120:   00007f95a489a280 00007f951e41ec2c
0x00007f95aa6d8130:   00007f95a52e1820 0000000baa6d81e0 

Instructions: (pc=0x00007f951e41eaea)
0x00007f951e41eaca:   00 05 00 00 48 01 f8 8b 90 0c 05 00 00 f0 01 97
0x00007f951e41eada:   e0 03 00 00 48 8b 90 10 05 00 00 48 85 d2 74 43
0x00007f951e41eaea:   48 c7 42 08 00 00 00 00 48 8b 90 10 05 00 00 48
0x00007f951e41eafa:   85 d2 74 1c f0 83 2a 01 75 16 48 8b b8 10 05 00 


---------------  P R O C E S S  ---------------

Threads class SMR info:
_java_thread_list=0x00007f9544000a80, length=13, elements={
0x00007f95a4013800, 0x00007f95a41a3800, 0x00007f95a41a7800, 0x00007f95a41ba000,
0x00007f95a41bc000, 0x00007f95a41be000, 0x00007f95a41c0000, 0x00007f95a426b000,
0x00007f95a42c7800, 0x00007f95a42cb000, 0x00007f95a4419000, 0x00007f95a4642000,
0x00007f95a447b000
}

Java Threads: ( => current thread )
=>0x00007f95a4013800 JavaThread "main" [_thread_in_native, id=11829, stack(0x00007f95aa5d9000,0x00007f95aa6da000)]
  0x00007f95a41a3800 JavaThread "Reference Handler" daemon [_thread_blocked, id=11836, stack(0x00007f95803ff000,0x00007f9580500000)]
  0x00007f95a41a7800 JavaThread "Finalizer" daemon [_thread_blocked, id=11837, stack(0x00007f95802fe000,0x00007f95803ff000)]
  0x00007f95a41ba000 JavaThread "Signal Dispatcher" daemon [_thread_blocked, id=11838, stack(0x00007f95736ff000,0x00007f9573800000)]
  0x00007f95a41bc000 JavaThread "C2 CompilerThread0" daemon [_thread_blocked, id=11839, stack(0x00007f95735fe000,0x00007f95736ff000)]
  0x00007f95a41be000 JavaThread "C1 CompilerThread0" daemon [_thread_blocked, id=11840, stack(0x00007f95734fd000,0x00007f95735fe000)]
  0x00007f95a41c0000 JavaThread "Sweeper thread" daemon [_thread_blocked, id=11841, stack(0x00007f95733fc000,0x00007f95734fd000)]
  0x00007f95a426b000 JavaThread "Common-Cleaner" daemon [_thread_blocked, id=11842, stack(0x00007f95732fb000,0x00007f95733fc000)]
  0x00007f95a42c7800 JavaThread "JDWP Transport Listener: dt_socket" daemon [_thread_in_native, id=11844, stack(0x00007f9572ff4000,0x00007f95730f5000)]
  0x00007f95a42cb000 JavaThread "JDWP Event Helper Thread" daemon [_thread_blocked, id=11847, stack(0x00007f9572ef3000,0x00007f9572ff4000)]
  0x00007f95a4419000 JavaThread "Service Thread" daemon [_thread_blocked, id=11851, stack(0x00007f95728c9000,0x00007f95729ca000)]
  0x00007f95a4642000 JavaThread "Java2D Disposer" daemon [_thread_blocked, id=11856, stack(0x00007f957000f000,0x00007f9570110000)]
  0x00007f95a447b000 JavaThread "AWT-XAWT" daemon [_thread_in_native, id=11857, stack(0x00007f9534f8d000,0x00007f953508e000)]

Other Threads:
  0x00007f95a419b000 VMThread "VM Thread" [stack: 0x00007f9588052000,0x00007f9588152000] [id=11835]
  0x00007f95a4420000 WatcherThread [stack: 0x00007f95727c9000,0x00007f95728c9000] [id=11852]
  0x00007f95a403b000 GCTaskThread "GC Thread#0" [stack: 0x00007f958b27f000,0x00007f958b37f000] [id=11830]
  0x00007f9568001000 GCTaskThread "GC Thread#1" [stack: 0x00007f951ee90000,0x00007f951ef90000] [id=11861]
  0x00007f95a4067000 ConcurrentGCThread "G1 Main Marker" [stack: 0x00007f958885a000,0x00007f958895a000] [id=11831]
  0x00007f95a4068800 ConcurrentGCThread "G1 Conc#0" [stack: 0x00007f9588759000,0x00007f9588859000] [id=11832]
  0x00007f95a40d3000 ConcurrentGCThread "G1 Refine#0" [stack: 0x00007f9588254000,0x00007f9588354000] [id=11833]
  0x00007f95a40d4800 ConcurrentGCThread "G1 Young RemSet Sampling" [stack: 0x00007f9588153000,0x00007f9588253000] [id=11834]

Threads with active compile tasks:

VM state:not at safepoint (normal execution)

VM Mutex/Monitor currently owned by a thread: None

Heap address: 0x0000000094000000, size: 1728 MB, Compressed Oops mode: 32-bit
Narrow klass base: 0x0000000000000000, Narrow klass shift: 3
Compressed class space size: 1073741824 Address: 0x0000000100000000

Heap:
 garbage-first heap   total 110592K, used 55002K [0x0000000094000000, 0x0000000100000000)
  region size 1024K, 52 young (53248K), 1 survivors (1024K)
 Metaspace       used 16195K, capacity 16510K, committed 16896K, reserved 1064960K
  class space    used 1388K, capacity 1497K, committed 1536K, reserved 1048576K
Heap Regions: E=young(eden), S=young(survivor), O=old, HS=humongous(starts), HC=humongous(continues), CS=collection set, F=free, A=archive, TAMS=top-at-mark-start (previous, next)
|   0|0x0000000094000000, 0x0000000094100000, 0x0000000094100000|100%| O|  |TAMS 0x0000000094000000, 0x0000000094000000| Untracked 
|   1|0x0000000094100000, 0x0000000094200000, 0x0000000094200000|100%| O|  |TAMS 0x0000000094100000, 0x0000000094100000| Untracked 
|   2|0x0000000094200000, 0x0000000094300000, 0x0000000094300000|100%| O|  |TAMS 0x0000000094200000, 0x0000000094200000| Untracked 
|   3|0x0000000094300000, 0x00000000943b3400, 0x0000000094400000| 70%| O|  |TAMS 0x0000000094300000, 0x0000000094300000| Untracked 
|   4|0x0000000094400000, 0x0000000094400000, 0x0000000094500000|  0%| F|  |TAMS 0x0000000094400000, 0x0000000094400000| Untracked 
|   5|0x0000000094500000, 0x0000000094500000, 0x0000000094600000|  0%| F|  |TAMS 0x0000000094500000, 0x0000000094500000| Untracked 
|   6|0x0000000094600000, 0x0000000094600000, 0x0000000094700000|  0%| F|  |TAMS 0x0000000094600000, 0x0000000094600000| Untracked 
|   7|0x0000000094700000, 0x0000000094700000, 0x0000000094800000|  0%| F|  |TAMS 0x0000000094700000, 0x0000000094700000| Untracked 
|   8|0x0000000094800000, 0x0000000094800000, 0x0000000094900000|  0%| F|  |TAMS 0x0000000094800000, 0x0000000094800000| Untracked 
|   9|0x0000000094900000, 0x0000000094900000, 0x0000000094a00000|  0%| F|  |TAMS 0x0000000094900000, 0x0000000094900000| Untracked 
|  10|0x0000000094a00000, 0x0000000094a00000, 0x0000000094b00000|  0%| F|  |TAMS 0x0000000094a00000, 0x0000000094a00000| Untracked 
|  11|0x0000000094b00000, 0x0000000094b00000, 0x0000000094c00000|  0%| F|  |TAMS 0x0000000094b00000, 0x0000000094b00000| Untracked 
|  12|0x0000000094c00000, 0x0000000094c00000, 0x0000000094d00000|  0%| F|  |TAMS 0x0000000094c00000, 0x0000000094c00000| Untracked 
|  13|0x0000000094d00000, 0x0000000094d00000, 0x0000000094e00000|  0%| F|  |TAMS 0x0000000094d00000, 0x0000000094d00000| Untracked 
|  14|0x0000000094e00000, 0x0000000094e00000, 0x0000000094f00000|  0%| F|  |TAMS 0x0000000094e00000, 0x0000000094e00000| Untracked 
|  15|0x0000000094f00000, 0x0000000094f00000, 0x0000000095000000|  0%| F|  |TAMS 0x0000000094f00000, 0x0000000094f00000| Untracked 
|  16|0x0000000095000000, 0x0000000095000000, 0x0000000095100000|  0%| F|  |TAMS 0x0000000095000000, 0x0000000095000000| Untracked 
|  17|0x0000000095100000, 0x0000000095100000, 0x0000000095200000|  0%| F|  |TAMS 0x0000000095100000, 0x0000000095100000| Untracked 
|  18|0x0000000095200000, 0x0000000095200000, 0x0000000095300000|  0%| F|  |TAMS 0x0000000095200000, 0x0000000095200000| Untracked 
|  19|0x0000000095300000, 0x0000000095300000, 0x0000000095400000|  0%| F|  |TAMS 0x0000000095300000, 0x0000000095300000| Untracked 
|  20|0x0000000095400000, 0x0000000095400000, 0x0000000095500000|  0%| F|  |TAMS 0x0000000095400000, 0x0000000095400000| Untracked 
|  21|0x0000000095500000, 0x0000000095500000, 0x0000000095600000|  0%| F|  |TAMS 0x0000000095500000, 0x0000000095500000| Untracked 
|  22|0x0000000095600000, 0x0000000095600000, 0x0000000095700000|  0%| F|  |TAMS 0x0000000095600000, 0x0000000095600000| Untracked 
|  23|0x0000000095700000, 0x0000000095700000, 0x0000000095800000|  0%| F|  |TAMS 0x0000000095700000, 0x0000000095700000| Untracked 
|  24|0x0000000095800000, 0x0000000095800000, 0x0000000095900000|  0%| F|  |TAMS 0x0000000095800000, 0x0000000095800000| Untracked 
|  25|0x0000000095900000, 0x0000000095900000, 0x0000000095a00000|  0%| F|  |TAMS 0x0000000095900000, 0x0000000095900000| Untracked 
|  26|0x0000000095a00000, 0x0000000095a00000, 0x0000000095b00000|  0%| F|  |TAMS 0x0000000095a00000, 0x0000000095a00000| Untracked 
|  27|0x0000000095b00000, 0x0000000095b00000, 0x0000000095c00000|  0%| F|  |TAMS 0x0000000095b00000, 0x0000000095b00000| Untracked 
|  28|0x0000000095c00000, 0x0000000095c00000, 0x0000000095d00000|  0%| F|  |TAMS 0x0000000095c00000, 0x0000000095c00000| Untracked 
|  29|0x0000000095d00000, 0x0000000095d00000, 0x0000000095e00000|  0%| F|  |TAMS 0x0000000095d00000, 0x0000000095d00000| Untracked 
|  30|0x0000000095e00000, 0x0000000095e00000, 0x0000000095f00000|  0%| F|  |TAMS 0x0000000095e00000, 0x0000000095e00000| Untracked 
|  31|0x0000000095f00000, 0x0000000095f00000, 0x0000000096000000|  0%| F|  |TAMS 0x0000000095f00000, 0x0000000095f00000| Untracked 
|  32|0x0000000096000000, 0x0000000096000000, 0x0000000096100000|  0%| F|  |TAMS 0x0000000096000000, 0x0000000096000000| Untracked 
|  33|0x0000000096100000, 0x0000000096100000, 0x0000000096200000|  0%| F|  |TAMS 0x0000000096100000, 0x0000000096100000| Untracked 
|  34|0x0000000096200000, 0x0000000096200000, 0x0000000096300000|  0%| F|  |TAMS 0x0000000096200000, 0x0000000096200000| Untracked 
|  35|0x0000000096300000, 0x0000000096300000, 0x0000000096400000|  0%| F|  |TAMS 0x0000000096300000, 0x0000000096300000| Untracked 
|  36|0x0000000096400000, 0x0000000096400000, 0x0000000096500000|  0%| F|  |TAMS 0x0000000096400000, 0x0000000096400000| Untracked 
|  37|0x0000000096500000, 0x0000000096500000, 0x0000000096600000|  0%| F|  |TAMS 0x0000000096500000, 0x0000000096500000| Untracked 
|  38|0x0000000096600000, 0x0000000096600000, 0x0000000096700000|  0%| F|  |TAMS 0x0000000096600000, 0x0000000096600000| Untracked 
|  39|0x0000000096700000, 0x0000000096700000, 0x0000000096800000|  0%| F|  |TAMS 0x0000000096700000, 0x0000000096700000| Untracked 
|  40|0x0000000096800000, 0x0000000096800000, 0x0000000096900000|  0%| F|  |TAMS 0x0000000096800000, 0x0000000096800000| Untracked 
|  41|0x0000000096900000, 0x0000000096900000, 0x0000000096a00000|  0%| F|  |TAMS 0x0000000096900000, 0x0000000096900000| Untracked 
|  42|0x0000000096a00000, 0x0000000096a00000, 0x0000000096b00000|  0%| F|  |TAMS 0x0000000096a00000, 0x0000000096a00000| Untracked 
|  43|0x0000000096b00000, 0x0000000096b00000, 0x0000000096c00000|  0%| F|  |TAMS 0x0000000096b00000, 0x0000000096b00000| Untracked 
|  44|0x0000000096c00000, 0x0000000096c03570, 0x0000000096d00000|  1%| S|CS|TAMS 0x0000000096c00000, 0x0000000096c00000| Complete 
|  45|0x0000000096d00000, 0x0000000096d00000, 0x0000000096e00000|  0%| F|  |TAMS 0x0000000096d00000, 0x0000000096d00000| Untracked 
|  46|0x0000000096e00000, 0x0000000096e00000, 0x0000000096f00000|  0%| F|  |TAMS 0x0000000096e00000, 0x0000000096e00000| Untracked 
|  47|0x0000000096f00000, 0x0000000096f00000, 0x0000000097000000|  0%| F|  |TAMS 0x0000000096f00000, 0x0000000096f00000| Untracked 
|  48|0x0000000097000000, 0x0000000097000000, 0x0000000097100000|  0%| F|  |TAMS 0x0000000097000000, 0x0000000097000000| Untracked 
|  49|0x0000000097100000, 0x0000000097100000, 0x0000000097200000|  0%| F|  |TAMS 0x0000000097100000, 0x0000000097100000| Untracked 
|  50|0x0000000097200000, 0x0000000097200000, 0x0000000097300000|  0%| F|  |TAMS 0x0000000097200000, 0x0000000097200000| Untracked 
|  51|0x0000000097300000, 0x0000000097300000, 0x0000000097400000|  0%| F|  |TAMS 0x0000000097300000, 0x0000000097300000| Untracked 
|  52|0x0000000097400000, 0x0000000097400000, 0x0000000097500000|  0%| F|  |TAMS 0x0000000097400000, 0x0000000097400000| Untracked 
|  53|0x0000000097500000, 0x0000000097500000, 0x0000000097600000|  0%| F|  |TAMS 0x0000000097500000, 0x0000000097500000| Untracked 
|  54|0x0000000097600000, 0x0000000097600000, 0x0000000097700000|  0%| F|  |TAMS 0x0000000097600000, 0x0000000097600000| Untracked 
|  55|0x0000000097700000, 0x0000000097700000, 0x0000000097800000|  0%| F|  |TAMS 0x0000000097700000, 0x0000000097700000| Untracked 
|  56|0x0000000097800000, 0x0000000097800000, 0x0000000097900000|  0%| F|  |TAMS 0x0000000097800000, 0x0000000097800000| Untracked 
|  57|0x0000000097900000, 0x0000000097a00000, 0x0000000097a00000|100%| E|  |TAMS 0x0000000097900000, 0x0000000097900000| Complete 
|  58|0x0000000097a00000, 0x0000000097b00000, 0x0000000097b00000|100%| E|CS|TAMS 0x0000000097a00000, 0x0000000097a00000| Complete 
|  59|0x0000000097b00000, 0x0000000097c00000, 0x0000000097c00000|100%| E|CS|TAMS 0x0000000097b00000, 0x0000000097b00000| Complete 
|  60|0x0000000097c00000, 0x0000000097d00000, 0x0000000097d00000|100%| E|CS|TAMS 0x0000000097c00000, 0x0000000097c00000| Complete 
|  61|0x0000000097d00000, 0x0000000097e00000, 0x0000000097e00000|100%| E|CS|TAMS 0x0000000097d00000, 0x0000000097d00000| Complete 
|  62|0x0000000097e00000, 0x0000000097f00000, 0x0000000097f00000|100%| E|CS|TAMS 0x0000000097e00000, 0x0000000097e00000| Complete 
|  63|0x0000000097f00000, 0x0000000098000000, 0x0000000098000000|100%| E|CS|TAMS 0x0000000097f00000, 0x0000000097f00000| Complete 
|  64|0x0000000098000000, 0x0000000098100000, 0x0000000098100000|100%| E|CS|TAMS 0x0000000098000000, 0x0000000098000000| Complete 
|  65|0x0000000098100000, 0x0000000098200000, 0x0000000098200000|100%| E|CS|TAMS 0x0000000098100000, 0x0000000098100000| Complete 
|  66|0x0000000098200000, 0x0000000098300000, 0x0000000098300000|100%| E|CS|TAMS 0x0000000098200000, 0x0000000098200000| Complete 
|  67|0x0000000098300000, 0x0000000098400000, 0x0000000098400000|100%| E|CS|TAMS 0x0000000098300000, 0x0000000098300000| Complete 
|  68|0x0000000098400000, 0x0000000098500000, 0x0000000098500000|100%| E|CS|TAMS 0x0000000098400000, 0x0000000098400000| Complete 
|  69|0x0000000098500000, 0x0000000098600000, 0x0000000098600000|100%| E|CS|TAMS 0x0000000098500000, 0x0000000098500000| Complete 
|  70|0x0000000098600000, 0x0000000098700000, 0x0000000098700000|100%| E|CS|TAMS 0x0000000098600000, 0x0000000098600000| Complete 
|  71|0x0000000098700000, 0x0000000098800000, 0x0000000098800000|100%| E|CS|TAMS 0x0000000098700000, 0x0000000098700000| Complete 
|  72|0x0000000098800000, 0x0000000098900000, 0x0000000098900000|100%| E|CS|TAMS 0x0000000098800000, 0x0000000098800000| Complete 
|  73|0x0000000098900000, 0x0000000098a00000, 0x0000000098a00000|100%| E|CS|TAMS 0x0000000098900000, 0x0000000098900000| Complete 
|  74|0x0000000098a00000, 0x0000000098b00000, 0x0000000098b00000|100%| E|CS|TAMS 0x0000000098a00000, 0x0000000098a00000| Complete 
|  75|0x0000000098b00000, 0x0000000098c00000, 0x0000000098c00000|100%| E|CS|TAMS 0x0000000098b00000, 0x0000000098b00000| Complete 
|  76|0x0000000098c00000, 0x0000000098d00000, 0x0000000098d00000|100%| E|CS|TAMS 0x0000000098c00000, 0x0000000098c00000| Complete 
|  77|0x0000000098d00000, 0x0000000098e00000, 0x0000000098e00000|100%| E|CS|TAMS 0x0000000098d00000, 0x0000000098d00000| Complete 
|  78|0x0000000098e00000, 0x0000000098f00000, 0x0000000098f00000|100%| E|CS|TAMS 0x0000000098e00000, 0x0000000098e00000| Complete 
|  79|0x0000000098f00000, 0x0000000099000000, 0x0000000099000000|100%| E|CS|TAMS 0x0000000098f00000, 0x0000000098f00000| Complete 
|  80|0x0000000099000000, 0x0000000099100000, 0x0000000099100000|100%| E|CS|TAMS 0x0000000099000000, 0x0000000099000000| Complete 
|  81|0x0000000099100000, 0x0000000099200000, 0x0000000099200000|100%| E|CS|TAMS 0x0000000099100000, 0x0000000099100000| Complete 
|  82|0x0000000099200000, 0x0000000099300000, 0x0000000099300000|100%| E|CS|TAMS 0x0000000099200000, 0x0000000099200000| Complete 
|  83|0x0000000099300000, 0x0000000099400000, 0x0000000099400000|100%| E|CS|TAMS 0x0000000099300000, 0x0000000099300000| Complete 
|  84|0x0000000099400000, 0x0000000099500000, 0x0000000099500000|100%| E|CS|TAMS 0x0000000099400000, 0x0000000099400000| Complete 
|  85|0x0000000099500000, 0x0000000099600000, 0x0000000099600000|100%| E|CS|TAMS 0x0000000099500000, 0x0000000099500000| Complete 
|  86|0x0000000099600000, 0x0000000099700000, 0x0000000099700000|100%| E|CS|TAMS 0x0000000099600000, 0x0000000099600000| Complete 
|  87|0x0000000099700000, 0x0000000099800000, 0x0000000099800000|100%| E|CS|TAMS 0x0000000099700000, 0x0000000099700000| Complete 
|  88|0x0000000099800000, 0x0000000099900000, 0x0000000099900000|100%| E|CS|TAMS 0x0000000099800000, 0x0000000099800000| Complete 
|  89|0x0000000099900000, 0x0000000099a00000, 0x0000000099a00000|100%| E|CS|TAMS 0x0000000099900000, 0x0000000099900000| Complete 
|  90|0x0000000099a00000, 0x0000000099b00000, 0x0000000099b00000|100%| E|CS|TAMS 0x0000000099a00000, 0x0000000099a00000| Complete 
|  91|0x0000000099b00000, 0x0000000099c00000, 0x0000000099c00000|100%| E|CS|TAMS 0x0000000099b00000, 0x0000000099b00000| Complete 
|  92|0x0000000099c00000, 0x0000000099d00000, 0x0000000099d00000|100%| E|CS|TAMS 0x0000000099c00000, 0x0000000099c00000| Complete 
|  93|0x0000000099d00000, 0x0000000099e00000, 0x0000000099e00000|100%| E|CS|TAMS 0x0000000099d00000, 0x0000000099d00000| Complete 
|  94|0x0000000099e00000, 0x0000000099f00000, 0x0000000099f00000|100%| E|CS|TAMS 0x0000000099e00000, 0x0000000099e00000| Complete 
|  95|0x0000000099f00000, 0x000000009a000000, 0x000000009a000000|100%| E|CS|TAMS 0x0000000099f00000, 0x0000000099f00000| Complete 
|  96|0x000000009a000000, 0x000000009a100000, 0x000000009a100000|100%| E|CS|TAMS 0x000000009a000000, 0x000000009a000000| Complete 
|  97|0x000000009a100000, 0x000000009a200000, 0x000000009a200000|100%| E|CS|TAMS 0x000000009a100000, 0x000000009a100000| Complete 
|  98|0x000000009a200000, 0x000000009a300000, 0x000000009a300000|100%| E|CS|TAMS 0x000000009a200000, 0x000000009a200000| Complete 
|  99|0x000000009a300000, 0x000000009a400000, 0x000000009a400000|100%| E|CS|TAMS 0x000000009a300000, 0x000000009a300000| Complete 
| 100|0x000000009a400000, 0x000000009a500000, 0x000000009a500000|100%| E|CS|TAMS 0x000000009a400000, 0x000000009a400000| Complete 
| 101|0x000000009a500000, 0x000000009a600000, 0x000000009a600000|100%| E|CS|TAMS 0x000000009a500000, 0x000000009a500000| Complete 
| 102|0x000000009a600000, 0x000000009a700000, 0x000000009a700000|100%| E|CS|TAMS 0x000000009a600000, 0x000000009a600000| Complete 
| 103|0x000000009a700000, 0x000000009a800000, 0x000000009a800000|100%| E|CS|TAMS 0x000000009a700000, 0x000000009a700000| Complete 
| 104|0x000000009a800000, 0x000000009a900000, 0x000000009a900000|100%| E|CS|TAMS 0x000000009a800000, 0x000000009a800000| Complete 
| 105|0x000000009a900000, 0x000000009aa00000, 0x000000009aa00000|100%| E|CS|TAMS 0x000000009a900000, 0x000000009a900000| Complete 
| 106|0x000000009aa00000, 0x000000009ab00000, 0x000000009ab00000|100%| E|CS|TAMS 0x000000009aa00000, 0x000000009aa00000| Complete 
| 107|0x000000009ab00000, 0x000000009ac00000, 0x000000009ac00000|100%| E|CS|TAMS 0x000000009ab00000, 0x000000009ab00000| Complete 

Card table byte_map: [0x00007f958a7ba000,0x00007f958ab1a000] _byte_map_base: 0x00007f958a31a000

Marking Bits (Prev, Next): (CMBitMap*) 0x00007f95a405f368, (CMBitMap*) 0x00007f95a405f3a0
 Prev Bits: [0x00007f958895a000, 0x00007f958a45a000)
 Next Bits: [0x00007f9582500000, 0x00007f9584000000)

Polling page: 0x00007f95aa705000

Metaspace:

Usage:
  Non-class:     14.66 MB capacity,    14.47 MB ( 99%) used,   167.03 KB (  1%) free+waste,    29.38 KB ( <1%) overhead. 
      Class:      1.46 MB capacity,     1.36 MB ( 93%) used,    94.34 KB (  6%) free+waste,    12.88 KB ( <1%) overhead. 
       Both:     16.12 MB capacity,    15.83 MB ( 98%) used,   261.38 KB (  2%) free+waste,    42.25 KB ( <1%) overhead. 

Virtual space:
  Non-class space:       16.00 MB reserved,      15.00 MB ( 94%) committed 
      Class space:        1.00 GB reserved,       1.50 MB ( <1%) committed 
             Both:        1.02 GB reserved,      16.50 MB (  2%) committed 

Chunk freelists:
   Non-Class:  19.38 KB
       Class:  896 bytes
        Both:  20.25 KB

CodeHeap 'non-profiled nmethods': size=120032Kb used=1228Kb max_used=1228Kb free=118803Kb
 bounds [0x00007f959301d000, 0x00007f959328d000, 0x00007f959a555000]
CodeHeap 'profiled nmethods': size=120032Kb used=4092Kb max_used=4092Kb free=115940Kb
 bounds [0x00007f958bae5000, 0x00007f958bee5000, 0x00007f959301d000]
CodeHeap 'non-nmethods': size=5696Kb used=1291Kb max_used=1330Kb free=4404Kb
 bounds [0x00007f958b555000, 0x00007f958b7c5000, 0x00007f958bae5000]
 total_blobs=3031 nmethods=1781 adapters=566
 compilation: enabled
              stopped_count=0, restarted_count=0
 full_count=0

Compilation events (10 events):
Event: 98.086 Thread 0x00007f95a41bc000 1784   !   4       org.lwjgl.opengl.Display::processMessages (45 bytes)
Event: 98.131 Thread 0x00007f95a41bc000 nmethod 1784 0x00007f9593148c10 code [0x00007f9593148f60, 0x00007f959314a298]
Event: 98.131 Thread 0x00007f95a41bc000 1785       4       renderEngine.TerrainRenderer::bindTextures (96 bytes)
Event: 98.222 Thread 0x00007f95a41bc000 nmethod 1785 0x00007f959314b210 code [0x00007f959314b5e0, 0x00007f959314d3a0]
Event: 98.372 Thread 0x00007f95a41bc000 1786       4       java.lang.Class::getComponentType (14 bytes)
Event: 98.374 Thread 0x00007f95a41bc000 nmethod 1786 0x00007f959314ee90 code [0x00007f959314f020, 0x00007f959314f0b8]
Event: 98.419 Thread 0x00007f95a41bc000 1787       4       entities.Player::checkInput (171 bytes)
Event: 98.433 Thread 0x00007f95a41bc000 nmethod 1787 0x00007f959314f190 code [0x00007f959314f360, 0x00007f959314f818]
Event: 98.433 Thread 0x00007f95a41bc000 1788       4       org.lwjgl.opengl.Sync$RunningAvg::dampenForLowResTicker (42 bytes)
Event: 98.440 Thread 0x00007f95a41bc000 nmethod 1788 0x00007f959314fc90 code [0x00007f959314fe20, 0x00007f959314fff8]

GC Heap History (10 events):
Event: 81.810 GC heap before
{Heap before GC invocations=22 (full 0):
 garbage-first heap   total 110592K, used 68315K [0x0000000094000000, 0x0000000100000000)
  region size 1024K, 64 young (65536K), 1 survivors (1024K)
 Metaspace       used 16195K, capacity 16510K, committed 16896K, reserved 1064960K
  class space    used 1388K, capacity 1497K, committed 1536K, reserved 1048576K
}
Event: 81.811 GC heap after
{Heap after GC invocations=23 (full 0):
 garbage-first heap   total 110592K, used 3802K [0x0000000094000000, 0x0000000100000000)
  region size 1024K, 1 young (1024K), 1 survivors (1024K)
 Metaspace       used 16195K, capacity 16510K, committed 16896K, reserved 1064960K
  class space    used 1388K, capacity 1497K, committed 1536K, reserved 1048576K
}
Event: 85.439 GC heap before
{Heap before GC invocations=23 (full 0):
 garbage-first heap   total 110592K, used 68314K [0x0000000094000000, 0x0000000100000000)
  region size 1024K, 64 young (65536K), 1 survivors (1024K)
 Metaspace       used 16195K, capacity 16510K, committed 16896K, reserved 1064960K
  class space    used 1388K, capacity 1497K, committed 1536K, reserved 1048576K
}
Event: 85.441 